<?xml version="1.0" encoding="UTF-8"?>
<!-- Generated by org.testng.reporters.JUnitXMLReporter -->
<testsuite hostname="WS0601575" ignored="4" name="Default test" tests="1" failures="1" timestamp="19 Jul 2019 09:26:56 GMT" time="139.198" errors="0">
  <testcase name="TT_823" time="93.218" classname="talentwize.Test_FunctionalAccess_ED_CompanyJobHistory">
    <failure type="java.lang.AssertionError" message="User CAN NOT see /do:
1. Company Job history menu
2. in Position Detail panel:
  + Edit btn in Current area
  + Edit btn in New area
3. In Previous Position panel:
   + Edit btn with each record
4. In Contract Type panel
 + Contract Type Hyperlink

User Still see/do:
1. in Position Detail panel:
  + Add new position btn
2. In Previous Position panel:
   + Add Previous Position btn
   + Delete btn
3. In Contract Type panel
 + Add btn
 + Delete btn expected [true] but found [false]">
      <![CDATA[java.lang.AssertionError: User CAN NOT see /do:
1. Company Job history menu
2. in Position Detail panel:
  + Edit btn in Current area
  + Edit btn in New area
3. In Previous Position panel:
   + Edit btn with each record
4. In Contract Type panel
 + Contract Type Hyperlink

User Still see/do:
1. in Position Detail panel:
  + Add new position btn
2. In Previous Position panel:
   + Add Previous Position btn
   + Delete btn
3. In Contract Type panel
 + Add btn
 + Delete btn expected [true] but found [false]
at org.testng.Assert.fail(Assert.java:96)
at org.testng.Assert.failNotEquals(Assert.java:776)
at org.testng.Assert.assertTrue(Assert.java:44)
at Ulties.TestManager.setStatusTest(TestManager.java:16)
at talentwize.Test_FunctionalAccess_ED_CompanyJobHistory.TT_823(Test_FunctionalAccess_ED_CompanyJobHistory.java:389)
at sun.reflect.NativeMethodAccessorImpl.invoke0(Native Method)
at sun.reflect.NativeMethodAccessorImpl.invoke(NativeMethodAccessorImpl.java:62)
at sun.reflect.DelegatingMethodAccessorImpl.invoke(DelegatingMethodAccessorImpl.java:43)
at java.lang.reflect.Method.invoke(Method.java:498)
at org.testng.internal.MethodInvocationHelper.invokeMethod(MethodInvocationHelper.java:124)
at org.testng.internal.Invoker.invokeMethod(Invoker.java:583)
at org.testng.internal.Invoker.invokeTestMethod(Invoker.java:719)
at org.testng.internal.Invoker.invokeTestMethods(Invoker.java:989)
at org.testng.internal.TestMethodWorker.invokeTestMethods(TestMethodWorker.java:125)
at org.testng.internal.TestMethodWorker.run(TestMethodWorker.java:109)
at org.testng.TestRunner.privateRun(TestRunner.java:648)
at org.testng.TestRunner.run(TestRunner.java:505)
at org.testng.SuiteRunner.runTest(SuiteRunner.java:455)
at org.testng.SuiteRunner.runSequentially(SuiteRunner.java:450)
at org.testng.SuiteRunner.privateRun(SuiteRunner.java:415)
at org.testng.SuiteRunner.run(SuiteRunner.java:364)
at org.testng.SuiteRunnerWorker.runSuite(SuiteRunnerWorker.java:52)
at org.testng.SuiteRunnerWorker.run(SuiteRunnerWorker.java:84)
at org.testng.TestNG.runSuitesSequentially(TestNG.java:1208)
at org.testng.TestNG.runSuitesLocally(TestNG.java:1137)
at org.testng.TestNG.runSuites(TestNG.java:1049)
at org.testng.TestNG.run(TestNG.java:1017)
at org.testng.remote.AbstractRemoteTestNG.run(AbstractRemoteTestNG.java:115)
at org.testng.remote.RemoteTestNG.initAndRun(RemoteTestNG.java:251)
at org.testng.remote.RemoteTestNG.main(RemoteTestNG.java:77)
]]>
    </failure>
  </testcase> <!-- TT_823 -->
  <testcase name="TT_653" time="0.0" classname="talentwize.Test_FunctionalAccess_ED_CompanyJobHistory">
    <ignored/>
  </testcase> <!-- TT_653 -->
  <testcase name="TT_650" time="0.0" classname="talentwize.Test_FunctionalAccess_ED_CompanyJobHistory">
    <ignored/>
  </testcase> <!-- TT_650 -->
  <testcase name="TT_651" time="0.0" classname="talentwize.Test_FunctionalAccess_ED_CompanyJobHistory">
    <ignored/>
  </testcase> <!-- TT_651 -->
  <testcase name="TT_825" time="0.0" classname="talentwize.Test_FunctionalAccess_ED_CompanyJobHistory">
    <ignored/>
  </testcase> <!-- TT_825 -->
</testsuite> <!-- Default test -->
